<?xml version="1.0" encoding="UTF-8"?>
<!-- Generated by org.testng.reporters.JUnitReportReporter -->
<testsuite name="StreamsTUTS.streamTest1" tests="3" time="0.123" ignored="0" failures="0" timestamp="22 Jul 2021 14:13:01 GMT" skipped="0" hostname="DESKTOP-O19JB3S" errors="0">
  <testcase name="streamMap" time="0.015" classname="StreamsTUTS.streamTest1"/>
  <testcase name="streamCollect" time="0.098" classname="StreamsTUTS.streamTest1"/>
  <testcase name="streamFilter" time="0.010" classname="StreamsTUTS.streamTest1"/>
</testsuite> <!-- StreamsTUTS.streamTest1 -->
