<?xml version="1.0" encoding="UTF-8"?>
<!-- Generated by org.testng.reporters.JUnitReportReporter -->
<testsuite name="Automate.Amaze.AmazonTest" tests="1" time="15.863" ignored="0" failures="0" timestamp="02 Jul 2021 13:29:08 GMT" skipped="0" hostname="DESKTOP-O19JB3S" errors="0">
  <testcase name="amazontest" time="15.863" classname="Automate.Amaze.AmazonTest"/>
</testsuite> <!-- Automate.Amaze.AmazonTest -->
